2026-04-22 06:40:11,296 [INFO] Placing BUY MARKET order | symbol=BTCUSDT qty=0.001 price=None
2026-04-22 06:40:11,298 [DEBUG] REQUEST POST https://testnet.binance.vision/api/v3/order params={'symbol': 'BTCUSDT', 'side': 'BUY', 'type': 'MARKET', 'quantity': 0.001, 'timestamp': 1776840011297}
2026-04-22 06:40:12,100 [DEBUG] RESPONSE status=200 body={'symbol': 'BTCUSDT', 'orderId': 7977470, 'orderListId': -1, 'clientOrderId': 'SuGUymUOgBVzKtj0QTcbid', 'transactTime': 1776840011992, 'price': '0.00000000', 'origQty': '0.00100000', 'executedQty': '0.00100000', 'origQuoteOrderQty': '0.00000000', 'cummulativeQuoteQty': '77.97552000', 'status': 'FILLED', 'timeInForce': 'GTC', 'type': 'MARKET', 'side': 'BUY', 'workingTime': 1776840011992, 'fills': [{'price': '77975.52000000', 'qty': '0.00100000', 'commission': '0.00000000', 'commissionAsset': 'BTC', 'tradeId': 2078841}], 'selfTradePreventionMode': 'EXPIRE_MAKER'}
2026-04-22 06:40:12,114 [INFO] Order placed | orderId=7977470 status=FILLED executedQty=0.00100000 avgPrice=None
2026-04-22 06:40:25,674 [INFO] Placing SELL LIMIT order | symbol=BTCUSDT qty=0.001 price=100000.0
2026-04-22 06:40:25,674 [DEBUG] REQUEST POST https://testnet.binance.vision/api/v3/order params={'symbol': 'BTCUSDT', 'side': 'SELL', 'type': 'LIMIT', 'quantity': 0.001, 'price': 100000.0, 'timeInForce': 'GTC', 'timestamp': 1776840025674}
2026-04-22 06:40:26,424 [DEBUG] RESPONSE status=200 body={'symbol': 'BTCUSDT', 'orderId': 7977553, 'orderListId': -1, 'clientOrderId': '3QCzG7vNDFnGFn3Z0iZb3c', 'transactTime': 1776840026308, 'price': '100000.00000000', 'origQty': '0.00100000', 'executedQty': '0.00000000', 'origQuoteOrderQty': '0.00000000', 'cummulativeQuoteQty': '0.00000000', 'status': 'NEW', 'timeInForce': 'GTC', 'type': 'LIMIT', 'side': 'SELL', 'workingTime': 1776840026308, 'fills': [], 'selfTradePreventionMode': 'EXPIRE_MAKER'}
2026-04-22 06:40:26,425 [INFO] Order placed | orderId=7977553 status=NEW executedQty=0.00000000 avgPrice=None
2026-04-22 12:33:17,516 [INFO] Placing BUY MARKET order | symbol=BTCUSDT qty=0.001 price=None
2026-04-22 12:33:17,523 [DEBUG] REQUEST POST https://testnet.binance.vision/api/v3/order params={'symbol': 'BTCUSDT', 'side': 'BUY', 'type': 'MARKET', 'quantity': 0.001, 'timestamp': 1776841397517}
2026-04-22 12:33:18,996 [DEBUG] RESPONSE status=200 body={'symbol': 'BTCUSDT', 'orderId': 7985117, 'orderListId': -1, 'clientOrderId': 'hJO5jY3Lt1XbiJQzNUNgGv', 'transactTime': 1776841398865, 'price': '0.00000000', 'origQty': '0.00100000', 'executedQty': '0.00100000', 'origQuoteOrderQty': '0.00000000', 'cummulativeQuoteQty': '78.02342000', 'status': 'FILLED', 'timeInForce': 'GTC', 'type': 'MARKET', 'side': 'BUY', 'workingTime': 1776841398865, 'fills': [{'price': '78023.42000000', 'qty': '0.00020000', 'commission': '0.00000000', 'commissionAsset': 'BTC', 'tradeId': 2079932}, {'price': '78023.42000000', 'qty': '0.00080000', 'commission': '0.00000000', 'commissionAsset': 'BTC', 'tradeId': 2079933}], 'selfTradePreventionMode': 'EXPIRE_MAKER'}
2026-04-22 12:33:18,996 [INFO] Order placed | orderId=7985117 status=FILLED executedQty=0.00100000 avgPrice=None
2026-04-22 12:34:33,035 [INFO] Placing SELL LIMIT order | symbol=BTCUSDT qty=0.001 price=100000.0
2026-04-22 12:34:33,035 [DEBUG] REQUEST POST https://testnet.binance.vision/api/v3/order params={'symbol': 'BTCUSDT', 'side': 'SELL', 'type': 'LIMIT', 'quantity': 0.001, 'price': 100000.0, 'timeInForce': 'GTC', 'timestamp': 1776841473035}
2026-04-22 12:34:34,366 [DEBUG] RESPONSE status=200 body={'symbol': 'BTCUSDT', 'orderId': 7985551, 'orderListId': -1, 'clientOrderId': 'NYV66U9n7jmTSwfwaVINAu', 'transactTime': 1776841474219, 'price': '100000.00000000', 'origQty': '0.00100000', 'executedQty': '0.00000000', 'origQuoteOrderQty': '0.00000000', 'cummulativeQuoteQty': '0.00000000', 'status': 'NEW', 'timeInForce': 'GTC', 'type': 'LIMIT', 'side': 'SELL', 'workingTime': 1776841474219, 'fills': [], 'selfTradePreventionMode': 'EXPIRE_MAKER'}
2026-04-22 12:34:34,367 [INFO] Order placed | orderId=7985551 status=NEW executedQty=0.00000000 avgPrice=None
2026-04-22 12:35:41,111 [INFO] Placing BUY MARKET order | symbol=BTCUSDT qty=0.001 price=None
2026-04-22 12:35:41,111 [DEBUG] REQUEST POST https://testnet.binance.vision/api/v3/order params={'symbol': 'BTCUSDT', 'side': 'BUY', 'type': 'MARKET', 'quantity': 0.001, 'timestamp': 1776841541111}
2026-04-22 12:35:41,781 [DEBUG] RESPONSE status=200 body={'symbol': 'BTCUSDT', 'orderId': 7985927, 'orderListId': -1, 'clientOrderId': 'mR1PY8LvTaM9tC27hTSt4o', 'transactTime': 1776841541650, 'price': '0.00000000', 'origQty': '0.00100000', 'executedQty': '0.00100000', 'origQuoteOrderQty': '0.00000000', 'cummulativeQuoteQty': '78.00425000', 'status': 'FILLED', 'timeInForce': 'GTC', 'type': 'MARKET', 'side': 'BUY', 'workingTime': 1776841541650, 'fills': [{'price': '78004.25000000', 'qty': '0.00100000', 'commission': '0.00000000', 'commissionAsset': 'BTC', 'tradeId': 2080028}], 'selfTradePreventionMode': 'EXPIRE_MAKER'}
2026-04-22 12:35:41,781 [INFO] Order placed | orderId=7985927 status=FILLED executedQty=0.00100000 avgPrice=None
2026-04-22 12:35:53,794 [INFO] Placing SELL LIMIT order | symbol=BTCUSDT qty=0.001 price=100000.0
2026-04-22 12:35:53,794 [DEBUG] REQUEST POST https://testnet.binance.vision/api/v3/order params={'symbol': 'BTCUSDT', 'side': 'SELL', 'type': 'LIMIT', 'quantity': 0.001, 'price': 100000.0, 'timeInForce': 'GTC', 'timestamp': 1776841553794}
2026-04-22 12:35:54,438 [DEBUG] RESPONSE status=200 body={'symbol': 'BTCUSDT', 'orderId': 7986018, 'orderListId': -1, 'clientOrderId': 'AMnkKfY7kfSKa9TRevDptN', 'transactTime': 1776841554307, 'price': '100000.00000000', 'origQty': '0.00100000', 'executedQty': '0.00000000', 'origQuoteOrderQty': '0.00000000', 'cummulativeQuoteQty': '0.00000000', 'status': 'NEW', 'timeInForce': 'GTC', 'type': 'LIMIT', 'side': 'SELL', 'workingTime': 1776841554307, 'fills': [], 'selfTradePreventionMode': 'EXPIRE_MAKER'}
2026-04-22 12:35:54,438 [INFO] Order placed | orderId=7986018 status=NEW executedQty=0.00000000 avgPrice=None
2026-04-22 12:36:05,852 [INFO] Placing SELL STOP_LOSS_LIMIT order | symbol=BTCUSDT qty=0.001 price=75000.0
2026-04-22 12:36:05,852 [DEBUG] REQUEST POST https://testnet.binance.vision/api/v3/order params={'symbol': 'BTCUSDT', 'side': 'SELL', 'type': 'STOP_LOSS_LIMIT', 'quantity': 0.001, 'price': None, 'stopPrice': None, 'timeInForce': 'GTC', 'timestamp': 1776841565852}
2026-04-22 12:36:06,552 [DEBUG] RESPONSE status=400 body={'code': -1022, 'msg': 'Signature for this request is not valid.'}
2026-04-22 12:36:06,554 [ERROR] HTTP error: 400 Client Error: Bad Request for url: https://testnet.binance.vision/api/v3/order — {"code":-1022,"msg":"Signature for this request is not valid."}
2026-04-22 12:36:06,555 [ERROR] Failed to place order: 400 Client Error: Bad Request for url: https://testnet.binance.vision/api/v3/order
2026-04-22 12:37:40,162 [INFO] Placing SELL STOP_LOSS_LIMIT order | symbol=BTCUSDT qty=0.001 price=75000.0
2026-04-22 12:37:40,163 [DEBUG] REQUEST POST https://testnet.binance.vision/api/v3/order params={'symbol': 'BTCUSDT', 'side': 'SELL', 'type': 'STOP_LOSS_LIMIT', 'quantity': '0.001', 'stopPrice': None, 'price': None, 'timeInForce': 'GTC', 'timestamp': 1776841660163}
2026-04-22 12:37:41,200 [DEBUG] RESPONSE status=400 body={'code': -1100, 'msg': "Illegal characters found in parameter 'price'; legal range is '^([0-9]{1,20})(\\.[0-9]{1,20})?$'."}
2026-04-22 12:37:41,201 [ERROR] HTTP error: 400 Client Error: Bad Request for url: https://testnet.binance.vision/api/v3/order — {"code":-1100,"msg":"Illegal characters found in parameter 'price'; legal range is '^([0-9]{1,20})(\\.[0-9]{1,20})?$'."}
2026-04-22 12:37:41,201 [ERROR] Failed to place order: 400 Client Error: Bad Request for url: https://testnet.binance.vision/api/v3/order
2026-04-22 12:38:59,192 [INFO] Placing SELL STOP_LOSS_LIMIT order | symbol=BTCUSDT qty=0.001 price=75000.0
2026-04-22 12:38:59,192 [ERROR] Failed to place order: unsupported format string passed to NoneType.__format__
2026-04-22 12:39:35,912 [INFO] Placing SELL STOP_LOSS_LIMIT order | symbol=BTCUSDT qty=0.001 price=75000.0
2026-04-22 12:39:35,913 [DEBUG] REQUEST POST https://testnet.binance.vision/api/v3/order params={'symbol': 'BTCUSDT', 'side': 'SELL', 'type': 'STOP_LOSS_LIMIT', 'quantity': '0.001', 'stopPrice': '75000', 'price': '75000', 'timeInForce': 'GTC', 'timestamp': 1776841775913}
2026-04-22 12:39:37,012 [DEBUG] RESPONSE status=200 body={'symbol': 'BTCUSDT', 'orderId': 7987165, 'orderListId': -1, 'clientOrderId': 'WQkveHThwGaXOMO1GKspda', 'transactTime': 1776841776821}
2026-04-22 12:39:37,012 [INFO] Order placed | orderId=7987165 status=None executedQty=None avgPrice=None
2026-04-22 12:40:46,713 [INFO] Placing SELL STOP_LOSS_LIMIT order | symbol=BTCUSDT qty=0.001 price=75000.0
2026-04-22 12:40:46,714 [DEBUG] REQUEST POST https://testnet.binance.vision/api/v3/order params={'symbol': 'BTCUSDT', 'side': 'SELL', 'type': 'STOP_LOSS_LIMIT', 'quantity': '0.001', 'stopPrice': '75000', 'price': '75000', 'timeInForce': 'GTC', 'timestamp': 1776841846714}
2026-04-22 12:40:47,455 [DEBUG] RESPONSE status=200 body={'symbol': 'BTCUSDT', 'orderId': 7987522, 'orderListId': -1, 'clientOrderId': 'UsWgOBxZtPJPo1SEvUUfxL', 'transactTime': 1776841847323}
2026-04-22 12:40:47,455 [INFO] Order placed | orderId=7987522 status=None executedQty=None avgPrice=None
2026-04-22 12:42:58,539 [INFO] Placing SELL LIMIT order | symbol=BTCUSDT qty=0.001 price=100000.0
2026-04-22 12:42:58,540 [DEBUG] REQUEST POST https://testnet.binance.vision/api/v3/order params={'symbol': 'BTCUSDT', 'side': 'SELL', 'type': 'LIMIT', 'quantity': '0.001', 'price': '100000', 'timeInForce': 'GTC', 'timestamp': 1776841978540}
2026-04-22 12:43:00,644 [DEBUG] RESPONSE status=200 body={'symbol': 'BTCUSDT', 'orderId': 7988078, 'orderListId': -1, 'clientOrderId': 'N85eICKkYqINlBgTrTtLRB', 'transactTime': 1776841979583, 'price': '100000.00000000', 'origQty': '0.00100000', 'executedQty': '0.00000000', 'origQuoteOrderQty': '0.00000000', 'cummulativeQuoteQty': '0.00000000', 'status': 'NEW', 'timeInForce': 'GTC', 'type': 'LIMIT', 'side': 'SELL', 'workingTime': 1776841979583, 'fills': [], 'selfTradePreventionMode': 'EXPIRE_MAKER'}
2026-04-22 12:43:00,644 [INFO] Order placed | orderId=7988078 status=NEW executedQty=0.00000000 avgPrice=None
